
> uniease-backend@2.0.0 dev
> nodemon server.js

[33m[nodemon] 3.1.14[39m
[33m[nodemon] to restart at any time, enter `rs`[39m
[33m[nodemon] watching path(s): *.*[39m
[33m[nodemon] watching extensions: js,mjs,cjs,json[39m
[32m[nodemon] starting `node server.js`[39m
‚úÖ MongoDB connected successfully

‚ēĒ‚ēź‚ēź‚ēź‚ēź‚ēź‚ēź‚ēź‚ēź‚ēź‚ēź‚ēź‚ēź‚ēź‚ēź‚ēź‚ēź‚ēź‚ēź‚ēź‚ēź‚ēź‚ēź‚ēź‚ēź‚ēź‚ēź‚ēź‚ēź‚ēź‚ēź‚ēź‚ēź‚ēź‚ēź‚ēź‚ēź‚ēź‚ēź‚ēź‚ēź‚ēź‚ēź‚ēź‚ēź‚ēź‚ēź‚ēź‚ēź‚ēź‚ēź‚ēź‚ēź‚ēź‚ēź‚ēź‚ēź‚ēź‚ēź‚ēź‚ēó
‚ēĎ  ‚úÖ  UniEase Backend v2.0 Running                         ‚ēĎ
‚ēĎ  ūüĆź  Server: http://localhost:3001                         ‚ēĎ
‚ēĎ  ūüď¶  MongoDB: Connected                                   ‚ēĎ
‚ēĎ  ūüíĺ  PostgreSQL: Ready to connect                         ‚ēĎ
‚ēö‚ēź‚ēź‚ēź‚ēź‚ēź‚ēź‚ēź‚ēź‚ēź‚ēź‚ēź‚ēź‚ēź‚ēź‚ēź‚ēź‚ēź‚ēź‚ēź‚ēź‚ēź‚ēź‚ēź‚ēź‚ēź‚ēź‚ēź‚ēź‚ēź‚ēź‚ēź‚ēź‚ēź‚ēź‚ēź‚ēź‚ēź‚ēź‚ēź‚ēź‚ēź‚ēź‚ēź‚ēź‚ēź‚ēź‚ēź‚ēź‚ēź‚ēź‚ēź‚ēź‚ēź‚ēź‚ēź‚ēź‚ēź‚ēź‚ēź‚ēĚ
      
::1 - - [09/Apr/2026:05:57:25 +0000] "GET /health HTTP/1.1" 200 76 "-" "curl/8.7.1"
‚úÖ PostgreSQL pool created successfully
::1 - - [09/Apr/2026:05:57:31 +0000] "POST /api/auth/login HTTP/1.1" 401 53 "-" "curl/8.7.1"
::1 - - [09/Apr/2026:05:57:40 +0000] "POST /api/auth/register HTTP/1.1" 201 172 "-" "curl/8.7.1"
::1 - - [09/Apr/2026:05:57:40 +0000] "POST /api/auth/login HTTP/1.1" 200 444 "-" "curl/8.7.1"
::1 - - [09/Apr/2026:05:57:48 +0000] "POST /api/food/orders HTTP/1.1" 200 389 "-" "curl/8.7.1"
[31m[nodemon] app crashed - waiting for file changes before starting...[39m
[32m[nodemon] restarting due to changes...[39m
[32m[nodemon] starting `node server.js`[39m
[32m[nodemon] restarting due to changes...[39m
[32m[nodemon] starting `node server.js`[39m
‚úÖ MongoDB connected successfully

‚ēĒ‚ēź‚ēź‚ēź‚ēź‚ēź‚ēź‚ēź‚ēź‚ēź‚ēź‚ēź‚ēź‚ēź‚ēź‚ēź‚ēź‚ēź‚ēź‚ēź‚ēź‚ēź‚ēź‚ēź‚ēź‚ēź‚ēź‚ēź‚ēź‚ēź‚ēź‚ēź‚ēź‚ēź‚ēź‚ēź‚ēź‚ēź‚ēź‚ēź‚ēź‚ēź‚ēź‚ēź‚ēź‚ēź‚ēź‚ēź‚ēź‚ēź‚ēź‚ēź‚ēź‚ēź‚ēź‚ēź‚ēź‚ēź‚ēź‚ēź‚ēó
‚ēĎ  ‚úÖ  UniEase Backend v2.0 Running                         ‚ēĎ
‚ēĎ  ūüĆź  Server: http://localhost:3001                         ‚ēĎ
‚ēĎ  ūüď¶  MongoDB: Connected                                   ‚ēĎ
‚ēĎ  ūüíĺ  PostgreSQL: Ready to connect                         ‚ēĎ
‚ēö‚ēź‚ēź‚ēź‚ēź‚ēź‚ēź‚ēź‚ēź‚ēź‚ēź‚ēź‚ēź‚ēź‚ēź‚ēź‚ēź‚ēź‚ēź‚ēź‚ēź‚ēź‚ēź‚ēź‚ēź‚ēź‚ēź‚ēź‚ēź‚ēź‚ēź‚ēź‚ēź‚ēź‚ēź‚ēź‚ēź‚ēź‚ēź‚ēź‚ēź‚ēź‚ēź‚ēź‚ēź‚ēź‚ēź‚ēź‚ēź‚ēź‚ēź‚ēź‚ēź‚ēź‚ēź‚ēź‚ēź‚ēź‚ēź‚ēź‚ēĚ
      
[32m[nodemon] restarting due to changes...[39m
[32m[nodemon] restarting due to changes...[39m
[32m[nodemon] starting `node server.js`[39m
‚úÖ MongoDB connected successfully
node:events:486
      throw er; // Unhandled 'error' event
      ^

Error: listen EADDRINUSE: address already in use :::3001
    at Server.setupListenHandle [as _listen2] (node:net:1948:16)
    at listenInCluster (node:net:2005:12)
    at Server.listen (node:net:2110:7)
    at app.listen (/Users/vanshkaushik/Downloads/uniease-project 2/backend/node_modules/express/lib/application.js:635:24)
    at startServer (/Users/vanshkaushik/Downloads/uniease-project 2/backend/server.js:57:9)
    at process.processTicksAndRejections (node:internal/process/task_queues:104:5)
Emitted 'error' event on Server instance at:
    at emitErrorNT (node:net:1984:8)
    at process.processTicksAndRejections (node:internal/process/task_queues:90:21) {
  code: 'EADDRINUSE',
  errno: -48,
  syscall: 'listen',
  address: '::',
  port: 3001
}

Node.js v24.14.0
[31m[nodemon] app crashed - waiting for file changes before starting...[39m
[32m[nodemon] restarting due to changes...[39m
[32m[nodemon] starting `node server.js`[39m
[32m[nodemon] restarting due to changes...[39m
[32m[nodemon] starting `node server.js`[39m
‚úÖ MongoDB connected successfully
node:events:486
      throw er; // Unhandled 'error' event
      ^

Error: listen EADDRINUSE: address already in use :::3001
    at Server.setupListenHandle [as _listen2] (node:net:1948:16)
    at listenInCluster (node:net:2005:12)
    at Server.listen (node:net:2110:7)
    at app.listen (/Users/vanshkaushik/Downloads/uniease-project 2/backend/node_modules/express/lib/application.js:635:24)
    at startServer (/Users/vanshkaushik/Downloads/uniease-project 2/backend/server.js:57:9)
    at process.processTicksAndRejections (node:internal/process/task_queues:104:5)
Emitted 'error' event on Server instance at:
    at emitErrorNT (node:net:1984:8)
    at process.processTicksAndRejections (node:internal/process/task_queues:90:21) {
  code: 'EADDRINUSE',
  errno: -48,
  syscall: 'listen',
  address: '::',
  port: 3001
}

Node.js v24.14.0
[31m[nodemon] app crashed - waiting for file changes before starting...[39m
[32m[nodemon] restarting due to changes...[39m
[32m[nodemon] starting `node server.js`[39m
‚úÖ MongoDB connected successfully
node:events:486
      throw er; // Unhandled 'error' event
      ^

Error: listen EADDRINUSE: address already in use :::3001
    at Server.setupListenHandle [as _listen2] (node:net:1948:16)
    at listenInCluster (node:net:2005:12)
    at Server.listen (node:net:2110:7)
    at app.listen (/Users/vanshkaushik/Downloads/uniease-project 2/backend/node_modules/express/lib/application.js:635:24)
    at startServer (/Users/vanshkaushik/Downloads/uniease-project 2/backend/server.js:57:9)
    at process.processTicksAndRejections (node:internal/process/task_queues:104:5)
Emitted 'error' event on Server instance at:
    at emitErrorNT (node:net:1984:8)
    at process.processTicksAndRejections (node:internal/process/task_queues:90:21) {
  code: 'EADDRINUSE',
  errno: -48,
  syscall: 'listen',
  address: '::',
  port: 3001
}

Node.js v24.14.0
[31m[nodemon] app crashed - waiting for file changes before starting...[39m
[32m[nodemon] restarting due to changes...[39m
[32m[nodemon] starting `node server.js`[39m
‚úÖ MongoDB connected successfully

‚ēĒ‚ēź‚ēź‚ēź‚ēź‚ēź‚ēź‚ēź‚ēź‚ēź‚ēź‚ēź‚ēź‚ēź‚ēź‚ēź‚ēź‚ēź‚ēź‚ēź‚ēź‚ēź‚ēź‚ēź‚ēź‚ēź‚ēź‚ēź‚ēź‚ēź‚ēź‚ēź‚ēź‚ēź‚ēź‚ēź‚ēź‚ēź‚ēź‚ēź‚ēź‚ēź‚ēź‚ēź‚ēź‚ēź‚ēź‚ēź‚ēź‚ēź‚ēź‚ēź‚ēź‚ēź‚ēź‚ēź‚ēź‚ēź‚ēź‚ēź‚ēó
‚ēĎ  ‚úÖ  UniEase Backend v2.0 Running                         ‚ēĎ
‚ēĎ  ūüĆź  Server: http://localhost:3001                         ‚ēĎ
‚ēĎ  ūüď¶  MongoDB: Connected                                   ‚ēĎ
‚ēĎ  ūüíĺ  PostgreSQL: Ready to connect                         ‚ēĎ
‚ēö‚ēź‚ēź‚ēź‚ēź‚ēź‚ēź‚ēź‚ēź‚ēź‚ēź‚ēź‚ēź‚ēź‚ēź‚ēź‚ēź‚ēź‚ēź‚ēź‚ēź‚ēź‚ēź‚ēź‚ēź‚ēź‚ēź‚ēź‚ēź‚ēź‚ēź‚ēź‚ēź‚ēź‚ēź‚ēź‚ēź‚ēź‚ēź‚ēź‚ēź‚ēź‚ēź‚ēź‚ēź‚ēź‚ēź‚ēź‚ēź‚ēź‚ēź‚ēź‚ēź‚ēź‚ēź‚ēź‚ēź‚ēź‚ēź‚ēź‚ēĚ
      
[32m[nodemon] restarting due to changes...[39m
[32m[nodemon] starting `node server.js`[39m
‚úÖ MongoDB connected successfully
node:events:486
      throw er; // Unhandled 'error' event
      ^

Error: listen EADDRINUSE: address already in use :::3001
    at Server.setupListenHandle [as _listen2] (node:net:1948:16)
    at listenInCluster (node:net:2005:12)
    at Server.listen (node:net:2110:7)
    at app.listen (/Users/vanshkaushik/Downloads/uniease-project 2/backend/node_modules/express/lib/application.js:635:24)
    at startServer (/Users/vanshkaushik/Downloads/uniease-project 2/backend/server.js:57:9)
    at process.processTicksAndRejections (node:internal/process/task_queues:104:5)
Emitted 'error' event on Server instance at:
    at emitErrorNT (node:net:1984:8)
    at process.processTicksAndRejections (node:internal/process/task_queues:90:21) {
  code: 'EADDRINUSE',
  errno: -48,
  syscall: 'listen',
  address: '::',
  port: 3001
}

Node.js v24.14.0
[31m[nodemon] app crashed - waiting for file changes before starting...[39m
[32m[nodemon] restarting due to changes...[39m
[32m[nodemon] starting `node server.js`[39m
‚úÖ MongoDB connected successfully

‚ēĒ‚ēź‚ēź‚ēź‚ēź‚ēź‚ēź‚ēź‚ēź‚ēź‚ēź‚ēź‚ēź‚ēź‚ēź‚ēź‚ēź‚ēź‚ēź‚ēź‚ēź‚ēź‚ēź‚ēź‚ēź‚ēź‚ēź‚ēź‚ēź‚ēź‚ēź‚ēź‚ēź‚ēź‚ēź‚ēź‚ēź‚ēź‚ēź‚ēź‚ēź‚ēź‚ēź‚ēź‚ēź‚ēź‚ēź‚ēź‚ēź‚ēź‚ēź‚ēź‚ēź‚ēź‚ēź‚ēź‚ēź‚ēź‚ēź‚ēź‚ēó
‚ēĎ  ‚úÖ  UniEase Backend v2.0 Running                         ‚ēĎ
‚ēĎ  ūüĆź  Server: http://localhost:3001                         ‚ēĎ
‚ēĎ  ūüď¶  MongoDB: Connected                                   ‚ēĎ
‚ēĎ  ūüíĺ  PostgreSQL: Ready to connect                         ‚ēĎ
‚ēö‚ēź‚ēź‚ēź‚ēź‚ēź‚ēź‚ēź‚ēź‚ēź‚ēź‚ēź‚ēź‚ēź‚ēź‚ēź‚ēź‚ēź‚ēź‚ēź‚ēź‚ēź‚ēź‚ēź‚ēź‚ēź‚ēź‚ēź‚ēź‚ēź‚ēź‚ēź‚ēź‚ēź‚ēź‚ēź‚ēź‚ēź‚ēź‚ēź‚ēź‚ēź‚ēź‚ēź‚ēź‚ēź‚ēź‚ēź‚ēź‚ēź‚ēź‚ēź‚ēź‚ēź‚ēź‚ēź‚ēź‚ēź‚ēź‚ēź‚ēĚ
      
[32m[nodemon] restarting due to changes...[39m
[32m[nodemon] starting `node server.js`[39m
‚úÖ MongoDB connected successfully

‚ēĒ‚ēź‚ēź‚ēź‚ēź‚ēź‚ēź‚ēź‚ēź‚ēź‚ēź‚ēź‚ēź‚ēź‚ēź‚ēź‚ēź‚ēź‚ēź‚ēź‚ēź‚ēź‚ēź‚ēź‚ēź‚ēź‚ēź‚ēź‚ēź‚ēź‚ēź‚ēź‚ēź‚ēź‚ēź‚ēź‚ēź‚ēź‚ēź‚ēź‚ēź‚ēź‚ēź‚ēź‚ēź‚ēź‚ēź‚ēź‚ēź‚ēź‚ēź‚ēź‚ēź‚ēź‚ēź‚ēź‚ēź‚ēź‚ēź‚ēź‚ēó
‚ēĎ  ‚úÖ  UniEase Backend v2.0 Running                         ‚ēĎ
‚ēĎ  ūüĆź  Server: http://localhost:3001                         ‚ēĎ
‚ēĎ  ūüď¶  MongoDB: Connected                                   ‚ēĎ
‚ēĎ  ūüíĺ  PostgreSQL: Ready to connect                         ‚ēĎ
‚ēö‚ēź‚ēź‚ēź‚ēź‚ēź‚ēź‚ēź‚ēź‚ēź‚ēź‚ēź‚ēź‚ēź‚ēź‚ēź‚ēź‚ēź‚ēź‚ēź‚ēź‚ēź‚ēź‚ēź‚ēź‚ēź‚ēź‚ēź‚ēź‚ēź‚ēź‚ēź‚ēź‚ēź‚ēź‚ēź‚ēź‚ēź‚ēź‚ēź‚ēź‚ēź‚ēź‚ēź‚ēź‚ēź‚ēź‚ēź‚ēź‚ēź‚ēź‚ēź‚ēź‚ēź‚ēź‚ēź‚ēź‚ēź‚ēź‚ēź‚ēĚ
      
[32m[nodemon] restarting due to changes...[39m
[32m[nodemon] starting `node server.js`[39m
‚úÖ MongoDB connected successfully
node:events:486
      throw er; // Unhandled 'error' event
      ^

Error: listen EADDRINUSE: address already in use :::3001
    at Server.setupListenHandle [as _listen2] (node:net:1948:16)
    at listenInCluster (node:net:2005:12)
    at Server.listen (node:net:2110:7)
    at app.listen (/Users/vanshkaushik/Downloads/uniease-project 2/backend/node_modules/express/lib/application.js:635:24)
    at startServer (/Users/vanshkaushik/Downloads/uniease-project 2/backend/server.js:57:9)
    at process.processTicksAndRejections (node:internal/process/task_queues:104:5)
Emitted 'error' event on Server instance at:
    at emitErrorNT (node:net:1984:8)
    at process.processTicksAndRejections (node:internal/process/task_queues:90:21) {
  code: 'EADDRINUSE',
  errno: -48,
  syscall: 'listen',
  address: '::',
  port: 3001
}

Node.js v24.14.0
[31m[nodemon] app crashed - waiting for file changes before starting...[39m
[32m[nodemon] restarting due to changes...[39m
[32m[nodemon] starting `node server.js`[39m
‚úÖ MongoDB connected successfully
node:events:486
      throw er; // Unhandled 'error' event
      ^

Error: listen EADDRINUSE: address already in use :::3001
    at Server.setupListenHandle [as _listen2] (node:net:1948:16)
    at listenInCluster (node:net:2005:12)
    at Server.listen (node:net:2110:7)
    at app.listen (/Users/vanshkaushik/Downloads/uniease-project 2/backend/node_modules/express/lib/application.js:635:24)
    at startServer (/Users/vanshkaushik/Downloads/uniease-project 2/backend/server.js:57:9)
    at process.processTicksAndRejections (node:internal/process/task_queues:104:5)
Emitted 'error' event on Server instance at:
    at emitErrorNT (node:net:1984:8)
    at process.processTicksAndRejections (node:internal/process/task_queues:90:21) {
  code: 'EADDRINUSE',
  errno: -48,
  syscall: 'listen',
  address: '::',
  port: 3001
}

Node.js v24.14.0
[31m[nodemon] app crashed - waiting for file changes before starting...[39m
[32m[nodemon] restarting due to changes...[39m
[32m[nodemon] starting `node server.js`[39m
‚úÖ MongoDB connected successfully

‚ēĒ‚ēź‚ēź‚ēź‚ēź‚ēź‚ēź‚ēź‚ēź‚ēź‚ēź‚ēź‚ēź‚ēź‚ēź‚ēź‚ēź‚ēź‚ēź‚ēź‚ēź‚ēź‚ēź‚ēź‚ēź‚ēź‚ēź‚ēź‚ēź‚ēź‚ēź‚ēź‚ēź‚ēź‚ēź‚ēź‚ēź‚ēź‚ēź‚ēź‚ēź‚ēź‚ēź‚ēź‚ēź‚ēź‚ēź‚ēź‚ēź‚ēź‚ēź‚ēź‚ēź‚ēź‚ēź‚ēź‚ēź‚ēź‚ēź‚ēź‚ēó
‚ēĎ  ‚úÖ  UniEase Backend v2.0 Running                         ‚ēĎ
‚ēĎ  ūüĆź  Server: http://localhost:3001                         ‚ēĎ
‚ēĎ  ūüď¶  MongoDB: Connected                                   ‚ēĎ
‚ēĎ  ūüíĺ  PostgreSQL: Ready to connect                         ‚ēĎ
‚ēö‚ēź‚ēź‚ēź‚ēź‚ēź‚ēź‚ēź‚ēź‚ēź‚ēź‚ēź‚ēź‚ēź‚ēź‚ēź‚ēź‚ēź‚ēź‚ēź‚ēź‚ēź‚ēź‚ēź‚ēź‚ēź‚ēź‚ēź‚ēź‚ēź‚ēź‚ēź‚ēź‚ēź‚ēź‚ēź‚ēź‚ēź‚ēź‚ēź‚ēź‚ēź‚ēź‚ēź‚ēź‚ēź‚ēź‚ēź‚ēź‚ēź‚ēź‚ēź‚ēź‚ēź‚ēź‚ēź‚ēź‚ēź‚ēź‚ēź‚ēĚ
      
[32m[nodemon] restarting due to changes...[39m
[32m[nodemon] restarting due to changes...[39m
[32m[nodemon] starting `node server.js`[39m
‚úÖ MongoDB connected successfully
node:events:486
      throw er; // Unhandled 'error' event
      ^

Error: listen EADDRINUSE: address already in use :::3001
    at Server.setupListenHandle [as _listen2] (node:net:1948:16)
    at listenInCluster (node:net:2005:12)
    at Server.listen (node:net:2110:7)
    at app.listen (/Users/vanshkaushik/Downloads/uniease-project 2/backend/node_modules/express/lib/application.js:635:24)
    at startServer (/Users/vanshkaushik/Downloads/uniease-project 2/backend/server.js:57:9)
    at process.processTicksAndRejections (node:internal/process/task_queues:104:5)
Emitted 'error' event on Server instance at:
    at emitErrorNT (node:net:1984:8)
    at process.processTicksAndRejections (node:internal/process/task_queues:90:21) {
  code: 'EADDRINUSE',
  errno: -48,
  syscall: 'listen',
  address: '::',
  port: 3001
}

Node.js v24.14.0
[31m[nodemon] app crashed - waiting for file changes before starting...[39m
[32m[nodemon] restarting due to changes...[39m
[32m[nodemon] starting `node server.js`[39m
[32m[nodemon] restarting due to changes...[39m
[32m[nodemon] restarting due to changes...[39m
[32m[nodemon] starting `node server.js`[39m
‚úÖ MongoDB connected successfully

‚ēĒ‚ēź‚ēź‚ēź‚ēź‚ēź‚ēź‚ēź‚ēź‚ēź‚ēź‚ēź‚ēź‚ēź‚ēź‚ēź‚ēź‚ēź‚ēź‚ēź‚ēź‚ēź‚ēź‚ēź‚ēź‚ēź‚ēź‚ēź‚ēź‚ēź‚ēź‚ēź‚ēź‚ēź‚ēź‚ēź‚ēź‚ēź‚ēź‚ēź‚ēź‚ēź‚ēź‚ēź‚ēź‚ēź‚ēź‚ēź‚ēź‚ēź‚ēź‚ēź‚ēź‚ēź‚ēź‚ēź‚ēź‚ēź‚ēź‚ēź‚ēó
‚ēĎ  ‚úÖ  UniEase Backend v2.0 Running                         ‚ēĎ
‚ēĎ  ūüĆź  Server: http://localhost:3001                         ‚ēĎ
‚ēĎ  ūüď¶  MongoDB: Connected                                   ‚ēĎ
‚ēĎ  ūüíĺ  PostgreSQL: Ready to connect                         ‚ēĎ
‚ēö‚ēź‚ēź‚ēź‚ēź‚ēź‚ēź‚ēź‚ēź‚ēź‚ēź‚ēź‚ēź‚ēź‚ēź‚ēź‚ēź‚ēź‚ēź‚ēź‚ēź‚ēź‚ēź‚ēź‚ēź‚ēź‚ēź‚ēź‚ēź‚ēź‚ēź‚ēź‚ēź‚ēź‚ēź‚ēź‚ēź‚ēź‚ēź‚ēź‚ēź‚ēź‚ēź‚ēź‚ēź‚ēź‚ēź‚ēź‚ēź‚ēź‚ēź‚ēź‚ēź‚ēź‚ēź‚ēź‚ēź‚ēź‚ēź‚ēź‚ēĚ
      
[32m[nodemon] restarting due to changes...[39m
[32m[nodemon] starting `node server.js`[39m
‚úÖ MongoDB connected successfully
node:events:486
      throw er; // Unhandled 'error' event
      ^

Error: listen EADDRINUSE: address already in use :::3001
    at Server.setupListenHandle [as _listen2] (node:net:1948:16)
    at listenInCluster (node:net:2005:12)
    at Server.listen (node:net:2110:7)
    at app.listen (/Users/vanshkaushik/Downloads/uniease-project 2/backend/node_modules/express/lib/application.js:635:24)
    at startServer (/Users/vanshkaushik/Downloads/uniease-project 2/backend/server.js:59:9)
    at process.processTicksAndRejections (node:internal/process/task_queues:104:5)
Emitted 'error' event on Server instance at:
    at emitErrorNT (node:net:1984:8)
    at process.processTicksAndRejections (node:internal/process/task_queues:90:21) {
  code: 'EADDRINUSE',
  errno: -48,
  syscall: 'listen',
  address: '::',
  port: 3001
}

Node.js v24.14.0
[31m[nodemon] app crashed - waiting for file changes before starting...[39m
[32m[nodemon] restarting due to changes...[39m
[32m[nodemon] starting `node server.js`[39m
‚úÖ MongoDB connected successfully

‚ēĒ‚ēź‚ēź‚ēź‚ēź‚ēź‚ēź‚ēź‚ēź‚ēź‚ēź‚ēź‚ēź‚ēź‚ēź‚ēź‚ēź‚ēź‚ēź‚ēź‚ēź‚ēź‚ēź‚ēź‚ēź‚ēź‚ēź‚ēź‚ēź‚ēź‚ēź‚ēź‚ēź‚ēź‚ēź‚ēź‚ēź‚ēź‚ēź‚ēź‚ēź‚ēź‚ēź‚ēź‚ēź‚ēź‚ēź‚ēź‚ēź‚ēź‚ēź‚ēź‚ēź‚ēź‚ēź‚ēź‚ēź‚ēź‚ēź‚ēź‚ēó
‚ēĎ  ‚úÖ  UniEase Backend v2.0 Running                         ‚ēĎ
‚ēĎ  ūüĆź  Server: http://localhost:3001                         ‚ēĎ
‚ēĎ  ūüď¶  MongoDB: Connected                                   ‚ēĎ
‚ēĎ  ūüíĺ  PostgreSQL: Ready to connect                         ‚ēĎ
‚ēö‚ēź‚ēź‚ēź‚ēź‚ēź‚ēź‚ēź‚ēź‚ēź‚ēź‚ēź‚ēź‚ēź‚ēź‚ēź‚ēź‚ēź‚ēź‚ēź‚ēź‚ēź‚ēź‚ēź‚ēź‚ēź‚ēź‚ēź‚ēź‚ēź‚ēź‚ēź‚ēź‚ēź‚ēź‚ēź‚ēź‚ēź‚ēź‚ēź‚ēź‚ēź‚ēź‚ēź‚ēź‚ēź‚ēź‚ēź‚ēź‚ēź‚ēź‚ēź‚ēź‚ēź‚ēź‚ēź‚ēź‚ēź‚ēź‚ēź‚ēĚ
      
[31m[nodemon] app crashed - waiting for file changes before starting...[39m
[32m[nodemon] restarting due to changes...[39m
[32m[nodemon] starting `node server.js`[39m
‚úÖ MongoDB connected successfully
node:events:486
      throw er; // Unhandled 'error' event
      ^

Error: listen EADDRINUSE: address already in use :::3001
    at Server.setupListenHandle [as _listen2] (node:net:1948:16)
    at listenInCluster (node:net:2005:12)
    at Server.listen (node:net:2110:7)
    at app.listen (/Users/vanshkaushik/Downloads/uniease-project 2/backend/node_modules/express/lib/application.js:635:24)
    at startServer (/Users/vanshkaushik/Downloads/uniease-project 2/backend/server.js:59:9)
    at process.processTicksAndRejections (node:internal/process/task_queues:104:5)
Emitted 'error' event on Server instance at:
    at emitErrorNT (node:net:1984:8)
    at process.processTicksAndRejections (node:internal/process/task_queues:90:21) {
  code: 'EADDRINUSE',
  errno: -48,
  syscall: 'listen',
  address: '::',
  port: 3001
}

Node.js v24.14.0
[31m[nodemon] app crashed - waiting for file changes before starting...[39m
[32m[nodemon] restarting due to changes...[39m
[32m[nodemon] starting `node server.js`[39m
‚úÖ MongoDB connected successfully
node:events:486
      throw er; // Unhandled 'error' event
      ^

Error: listen EADDRINUSE: address already in use 0.0.0.0:3001
    at Server.setupListenHandle [as _listen2] (node:net:1948:16)
    at listenInCluster (node:net:2005:12)
    at node:net:2214:7
    at process.processTicksAndRejections (node:internal/process/task_queues:90:21)
Emitted 'error' event on Server instance at:
    at emitErrorNT (node:net:1984:8)
    at process.processTicksAndRejections (node:internal/process/task_queues:90:21) {
  code: 'EADDRINUSE',
  errno: -48,
  syscall: 'listen',
  address: '0.0.0.0',
  port: 3001
}

Node.js v24.14.0
[31m[nodemon] app crashed - waiting for file changes before starting...[39m
[32m[nodemon] restarting due to changes...[39m
[32m[nodemon] starting `node server.js`[39m
‚úÖ MongoDB connected successfully
node:events:486
      throw er; // Unhandled 'error' event
      ^

Error: listen EADDRINUSE: address already in use 0.0.0.0:3001
    at Server.setupListenHandle [as _listen2] (node:net:1948:16)
    at listenInCluster (node:net:2005:12)
    at node:net:2214:7
    at process.processTicksAndRejections (node:internal/process/task_queues:90:21)
Emitted 'error' event on Server instance at:
    at emitErrorNT (node:net:1984:8)
    at process.processTicksAndRejections (node:internal/process/task_queues:90:21) {
  code: 'EADDRINUSE',
  errno: -48,
  syscall: 'listen',
  address: '0.0.0.0',
  port: 3001
}

Node.js v24.14.0
[31m[nodemon] app crashed - waiting for file changes before starting...[39m
[32m[nodemon] restarting due to changes...[39m
[32m[nodemon] starting `node server.js`[39m
‚úÖ MongoDB connected successfully
node:events:486
      throw er; // Unhandled 'error' event
      ^

Error: listen EADDRINUSE: address already in use 0.0.0.0:3001
    at Server.setupListenHandle [as _listen2] (node:net:1948:16)
    at listenInCluster (node:net:2005:12)
    at node:net:2214:7
    at process.processTicksAndRejections (node:internal/process/task_queues:90:21)
Emitted 'error' event on Server instance at:
    at emitErrorNT (node:net:1984:8)
    at process.processTicksAndRejections (node:internal/process/task_queues:90:21) {
  code: 'EADDRINUSE',
  errno: -48,
  syscall: 'listen',
  address: '0.0.0.0',
  port: 3001
}

Node.js v24.14.0
[31m[nodemon] app crashed - waiting for file changes before starting...[39m
[32m[nodemon] restarting due to changes...[39m
[32m[nodemon] starting `node server.js`[39m
‚úÖ MongoDB connected successfully
node:events:486
      throw er; // Unhandled 'error' event
      ^

Error: listen EADDRINUSE: address already in use 0.0.0.0:3001
    at Server.setupListenHandle [as _listen2] (node:net:1948:16)
    at listenInCluster (node:net:2005:12)
    at node:net:2214:7
    at process.processTicksAndRejections (node:internal/process/task_queues:90:21)
Emitted 'error' event on Server instance at:
    at emitErrorNT (node:net:1984:8)
    at process.processTicksAndRejections (node:internal/process/task_queues:90:21) {
  code: 'EADDRINUSE',
  errno: -48,
  syscall: 'listen',
  address: '0.0.0.0',
  port: 3001
}

Node.js v24.14.0
[31m[nodemon] app crashed - waiting for file changes before starting...[39m
[32m[nodemon] restarting due to changes...[39m
[32m[nodemon] starting `node server.js`[39m
‚úÖ MongoDB connected successfully
node:events:486
      throw er; // Unhandled 'error' event
      ^

Error: listen EADDRINUSE: address already in use 0.0.0.0:3001
    at Server.setupListenHandle [as _listen2] (node:net:1948:16)
    at listenInCluster (node:net:2005:12)
    at node:net:2214:7
    at process.processTicksAndRejections (node:internal/process/task_queues:90:21)
Emitted 'error' event on Server instance at:
    at emitErrorNT (node:net:1984:8)
    at process.processTicksAndRejections (node:internal/process/task_queues:90:21) {
  code: 'EADDRINUSE',
  errno: -48,
  syscall: 'listen',
  address: '0.0.0.0',
  port: 3001
}

Node.js v24.14.0
[31m[nodemon] app crashed - waiting for file changes before starting...[39m
[32m[nodemon] restarting due to changes...[39m
[32m[nodemon] starting `node server.js`[39m
‚úÖ MongoDB connected successfully
node:events:486
      throw er; // Unhandled 'error' event
      ^

Error: listen EADDRINUSE: address already in use 0.0.0.0:3001
    at Server.setupListenHandle [as _listen2] (node:net:1948:16)
    at listenInCluster (node:net:2005:12)
    at node:net:2214:7
    at process.processTicksAndRejections (node:internal/process/task_queues:90:21)
Emitted 'error' event on Server instance at:
    at emitErrorNT (node:net:1984:8)
    at process.processTicksAndRejections (node:internal/process/task_queues:90:21) {
  code: 'EADDRINUSE',
  errno: -48,
  syscall: 'listen',
  address: '0.0.0.0',
  port: 3001
}

Node.js v24.14.0
[31m[nodemon] app crashed - waiting for file changes before starting...[39m
[32m[nodemon] restarting due to changes...[39m
[32m[nodemon] starting `node server.js`[39m
(node:72301) MaxListenersExceededWarning: Possible EventEmitter memory leak detected. 11 exit listeners added to [Bus]. MaxListeners is 10. Use emitter.setMaxListeners() to increase limit
(Use `node --trace-warnings ...` to show where the warning was created)
‚úÖ MongoDB connected successfully
node:events:486
      throw er; // Unhandled 'error' event
      ^

Error: listen EADDRINUSE: address already in use 0.0.0.0:3001
    at Server.setupListenHandle [as _listen2] (node:net:1948:16)
    at listenInCluster (node:net:2005:12)
    at node:net:2214:7
    at process.processTicksAndRejections (node:internal/process/task_queues:90:21)
Emitted 'error' event on Server instance at:
    at emitErrorNT (node:net:1984:8)
    at process.processTicksAndRejections (node:internal/process/task_queues:90:21) {
  code: 'EADDRINUSE',
  errno: -48,
  syscall: 'listen',
  address: '0.0.0.0',
  port: 3001
}

Node.js v24.14.0
[31m[nodemon] app crashed - waiting for file changes before starting...[39m
[32m[nodemon] restarting due to changes...[39m
[32m[nodemon] starting `node server.js`[39m
‚úÖ MongoDB connected successfully
node:events:486
      throw er; // Unhandled 'error' event
      ^

Error: listen EADDRINUSE: address already in use 0.0.0.0:3001
    at Server.setupListenHandle [as _listen2] (node:net:1948:16)
    at listenInCluster (node:net:2005:12)
    at node:net:2214:7
    at process.processTicksAndRejections (node:internal/process/task_queues:90:21)
Emitted 'error' event on Server instance at:
    at emitErrorNT (node:net:1984:8)
    at process.processTicksAndRejections (node:internal/process/task_queues:90:21) {
  code: 'EADDRINUSE',
  errno: -48,
  syscall: 'listen',
  address: '0.0.0.0',
  port: 3001
}

Node.js v24.14.0
[31m[nodemon] app crashed - waiting for file changes before starting...[39m
[32m[nodemon] restarting due to changes...[39m
[32m[nodemon] starting `node server.js`[39m
‚úÖ MongoDB connected successfully
node:events:486
      throw er; // Unhandled 'error' event
      ^

Error: listen EADDRINUSE: address already in use 0.0.0.0:3001
    at Server.setupListenHandle [as _listen2] (node:net:1948:16)
    at listenInCluster (node:net:2005:12)
    at node:net:2214:7
    at process.processTicksAndRejections (node:internal/process/task_queues:90:21)
Emitted 'error' event on Server instance at:
    at emitErrorNT (node:net:1984:8)
    at process.processTicksAndRejections (node:internal/process/task_queues:90:21) {
  code: 'EADDRINUSE',
  errno: -48,
  syscall: 'listen',
  address: '0.0.0.0',
  port: 3001
}

Node.js v24.14.0
[31m[nodemon] app crashed - waiting for file changes before starting...[39m
